2023-05-20 15:10:19.449 [main] ERROR o.apache.dubbo.config.deploy.DefaultModuleDeployer -  [DUBBO] Model start failed: Dubbo Module[1.1.1] start failed: java.lang.IllegalStateException: No such extension customerFilter for filter/org.apache.dubbo.rpc.Filter,org.apache.dubbo.rpc.cluster.filter.ClusterFilter, dubbo version: 3.2.1, current host: 192.168.0.102, error code: 5-14. This may be caused by , go to https://dubbo.apache.org/faq/5/14 to find instructions. 
java.lang.IllegalStateException: No such extension customerFilter for filter/org.apache.dubbo.rpc.Filter,org.apache.dubbo.rpc.cluster.filter.ClusterFilter
	at org.apache.dubbo.config.utils.ConfigValidationUtils.checkMultiExtension(ConfigValidationUtils.java:687)
	at org.apache.dubbo.config.utils.ConfigValidationUtils.validateAbstractInterfaceConfig(ConfigValidationUtils.java:400)
	at org.apache.dubbo.config.utils.ConfigValidationUtils.validateServiceConfig(ConfigValidationUtils.java:417)
	at org.apache.dubbo.config.ServiceConfig.checkAndUpdateSubConfigs(ServiceConfig.java:432)
	at org.apache.dubbo.config.ServiceConfig.postProcessRefresh(ServiceConfig.java:439)
	at org.apache.dubbo.config.AbstractConfig.refresh(AbstractConfig.java:693)
	at org.apache.dubbo.config.deploy.DefaultModuleDeployer.exportServiceInternal(DefaultModuleDeployer.java:372)
	at org.apache.dubbo.config.deploy.DefaultModuleDeployer.exportServices(DefaultModuleDeployer.java:365)
	at org.apache.dubbo.config.deploy.DefaultModuleDeployer.startSync(DefaultModuleDeployer.java:164)
	at org.apache.dubbo.config.deploy.DefaultModuleDeployer.start(DefaultModuleDeployer.java:145)
	at org.apache.dubbo.config.spring.context.DubboDeployApplicationListener.onContextRefreshedEvent(DubboDeployApplicationListener.java:113)
	at org.apache.dubbo.config.spring.context.DubboDeployApplicationListener.onApplicationEvent(DubboDeployApplicationListener.java:102)
	at org.apache.dubbo.config.spring.context.DubboDeployApplicationListener.onApplicationEvent(DubboDeployApplicationListener.java:47)
	at org.springframework.context.event.SimpleApplicationEventMulticaster.doInvokeListener(SimpleApplicationEventMulticaster.java:172)
	at org.springframework.context.event.SimpleApplicationEventMulticaster.invokeListener(SimpleApplicationEventMulticaster.java:165)
	at org.springframework.context.event.SimpleApplicationEventMulticaster.multicastEvent(SimpleApplicationEventMulticaster.java:143)
	at org.springframework.context.support.AbstractApplicationContext.publishEvent(AbstractApplicationContext.java:437)
	at org.springframework.context.support.AbstractApplicationContext.publishEvent(AbstractApplicationContext.java:370)
	at org.springframework.context.support.AbstractApplicationContext.finishRefresh(AbstractApplicationContext.java:961)
	at org.springframework.context.support.AbstractApplicationContext.refresh(AbstractApplicationContext.java:611)
	at org.springframework.boot.web.servlet.context.ServletWebServerApplicationContext.refresh(ServletWebServerApplicationContext.java:146)
	at org.springframework.boot.SpringApplication.refresh(SpringApplication.java:732)
	at org.springframework.boot.SpringApplication.refreshContext(SpringApplication.java:434)
	at org.springframework.boot.SpringApplication.run(SpringApplication.java:310)
	at org.springframework.boot.SpringApplication.run(SpringApplication.java:1304)
	at org.springframework.boot.SpringApplication.run(SpringApplication.java:1293)
	at com.example.dubbo.MyApplication.main(MyApplication.java:12)
2023-05-20 15:10:19.458 [main] ERROR o.a.dubbo.config.deploy.DefaultApplicationDeployer -  [DUBBO] Dubbo Application[1.1](spring-boot-demo) found failed module: Dubbo Module[1.1.1], dubbo version: 3.2.1, current host: 192.168.0.102, error code: 5-14. This may be caused by , go to https://dubbo.apache.org/faq/5/14 to find instructions. 
java.lang.IllegalStateException: No such extension customerFilter for filter/org.apache.dubbo.rpc.Filter,org.apache.dubbo.rpc.cluster.filter.ClusterFilter
	at org.apache.dubbo.config.utils.ConfigValidationUtils.checkMultiExtension(ConfigValidationUtils.java:687)
	at org.apache.dubbo.config.utils.ConfigValidationUtils.validateAbstractInterfaceConfig(ConfigValidationUtils.java:400)
	at org.apache.dubbo.config.utils.ConfigValidationUtils.validateServiceConfig(ConfigValidationUtils.java:417)
	at org.apache.dubbo.config.ServiceConfig.checkAndUpdateSubConfigs(ServiceConfig.java:432)
	at org.apache.dubbo.config.ServiceConfig.postProcessRefresh(ServiceConfig.java:439)
	at org.apache.dubbo.config.AbstractConfig.refresh(AbstractConfig.java:693)
	at org.apache.dubbo.config.deploy.DefaultModuleDeployer.exportServiceInternal(DefaultModuleDeployer.java:372)
	at org.apache.dubbo.config.deploy.DefaultModuleDeployer.exportServices(DefaultModuleDeployer.java:365)
	at org.apache.dubbo.config.deploy.DefaultModuleDeployer.startSync(DefaultModuleDeployer.java:164)
	at org.apache.dubbo.config.deploy.DefaultModuleDeployer.start(DefaultModuleDeployer.java:145)
	at org.apache.dubbo.config.spring.context.DubboDeployApplicationListener.onContextRefreshedEvent(DubboDeployApplicationListener.java:113)
	at org.apache.dubbo.config.spring.context.DubboDeployApplicationListener.onApplicationEvent(DubboDeployApplicationListener.java:102)
	at org.apache.dubbo.config.spring.context.DubboDeployApplicationListener.onApplicationEvent(DubboDeployApplicationListener.java:47)
	at org.springframework.context.event.SimpleApplicationEventMulticaster.doInvokeListener(SimpleApplicationEventMulticaster.java:172)
	at org.springframework.context.event.SimpleApplicationEventMulticaster.invokeListener(SimpleApplicationEventMulticaster.java:165)
	at org.springframework.context.event.SimpleApplicationEventMulticaster.multicastEvent(SimpleApplicationEventMulticaster.java:143)
	at org.springframework.context.support.AbstractApplicationContext.publishEvent(AbstractApplicationContext.java:437)
	at org.springframework.context.support.AbstractApplicationContext.publishEvent(AbstractApplicationContext.java:370)
	at org.springframework.context.support.AbstractApplicationContext.finishRefresh(AbstractApplicationContext.java:961)
	at org.springframework.context.support.AbstractApplicationContext.refresh(AbstractApplicationContext.java:611)
	at org.springframework.boot.web.servlet.context.ServletWebServerApplicationContext.refresh(ServletWebServerApplicationContext.java:146)
	at org.springframework.boot.SpringApplication.refresh(SpringApplication.java:732)
	at org.springframework.boot.SpringApplication.refreshContext(SpringApplication.java:434)
	at org.springframework.boot.SpringApplication.run(SpringApplication.java:310)
	at org.springframework.boot.SpringApplication.run(SpringApplication.java:1304)
	at org.springframework.boot.SpringApplication.run(SpringApplication.java:1293)
	at com.example.dubbo.MyApplication.main(MyApplication.java:12)
2023-05-20 15:10:19.459 [main] ERROR o.a.dubbo.config.deploy.DefaultApplicationDeployer -  [DUBBO] Dubbo Application[1.1](spring-boot-demo) found failed module: Dubbo Module[1.1.1], dubbo version: 3.2.1, current host: 192.168.0.102, error code: 5-14. This may be caused by , go to https://dubbo.apache.org/faq/5/14 to find instructions. 
java.lang.IllegalStateException: No such extension customerFilter for filter/org.apache.dubbo.rpc.Filter,org.apache.dubbo.rpc.cluster.filter.ClusterFilter
	at org.apache.dubbo.config.utils.ConfigValidationUtils.checkMultiExtension(ConfigValidationUtils.java:687)
	at org.apache.dubbo.config.utils.ConfigValidationUtils.validateAbstractInterfaceConfig(ConfigValidationUtils.java:400)
	at org.apache.dubbo.config.utils.ConfigValidationUtils.validateServiceConfig(ConfigValidationUtils.java:417)
	at org.apache.dubbo.config.ServiceConfig.checkAndUpdateSubConfigs(ServiceConfig.java:432)
	at org.apache.dubbo.config.ServiceConfig.postProcessRefresh(ServiceConfig.java:439)
	at org.apache.dubbo.config.AbstractConfig.refresh(AbstractConfig.java:693)
	at org.apache.dubbo.config.deploy.DefaultModuleDeployer.exportServiceInternal(DefaultModuleDeployer.java:372)
	at org.apache.dubbo.config.deploy.DefaultModuleDeployer.exportServices(DefaultModuleDeployer.java:365)
	at org.apache.dubbo.config.deploy.DefaultModuleDeployer.startSync(DefaultModuleDeployer.java:164)
	at org.apache.dubbo.config.deploy.DefaultModuleDeployer.start(DefaultModuleDeployer.java:145)
	at org.apache.dubbo.config.spring.context.DubboDeployApplicationListener.onContextRefreshedEvent(DubboDeployApplicationListener.java:113)
	at org.apache.dubbo.config.spring.context.DubboDeployApplicationListener.onApplicationEvent(DubboDeployApplicationListener.java:102)
	at org.apache.dubbo.config.spring.context.DubboDeployApplicationListener.onApplicationEvent(DubboDeployApplicationListener.java:47)
	at org.springframework.context.event.SimpleApplicationEventMulticaster.doInvokeListener(SimpleApplicationEventMulticaster.java:172)
	at org.springframework.context.event.SimpleApplicationEventMulticaster.invokeListener(SimpleApplicationEventMulticaster.java:165)
	at org.springframework.context.event.SimpleApplicationEventMulticaster.multicastEvent(SimpleApplicationEventMulticaster.java:143)
	at org.springframework.context.support.AbstractApplicationContext.publishEvent(AbstractApplicationContext.java:437)
	at org.springframework.context.support.AbstractApplicationContext.publishEvent(AbstractApplicationContext.java:370)
	at org.springframework.context.support.AbstractApplicationContext.finishRefresh(AbstractApplicationContext.java:961)
	at org.springframework.context.support.AbstractApplicationContext.refresh(AbstractApplicationContext.java:611)
	at org.springframework.boot.web.servlet.context.ServletWebServerApplicationContext.refresh(ServletWebServerApplicationContext.java:146)
	at org.springframework.boot.SpringApplication.refresh(SpringApplication.java:732)
	at org.springframework.boot.SpringApplication.refreshContext(SpringApplication.java:434)
	at org.springframework.boot.SpringApplication.run(SpringApplication.java:310)
	at org.springframework.boot.SpringApplication.run(SpringApplication.java:1304)
	at org.springframework.boot.SpringApplication.run(SpringApplication.java:1293)
	at com.example.dubbo.MyApplication.main(MyApplication.java:12)
2023-05-20 15:10:19.474 [main] ERROR o.a.dubbo.config.deploy.DefaultApplicationDeployer -  [DUBBO] Dubbo Application[1.1](spring-boot-demo) an exception occurred when handle starting event, dubbo version: 3.2.1, current host: 192.168.0.102, error code: 5-14. This may be caused by , go to https://dubbo.apache.org/faq/5/14 to find instructions. 
java.lang.IllegalStateException: No such extension customerFilter for filter/org.apache.dubbo.rpc.Filter,org.apache.dubbo.rpc.cluster.filter.ClusterFilter
	at org.apache.dubbo.config.utils.ConfigValidationUtils.checkMultiExtension(ConfigValidationUtils.java:687)
	at org.apache.dubbo.config.utils.ConfigValidationUtils.validateAbstractInterfaceConfig(ConfigValidationUtils.java:400)
	at org.apache.dubbo.config.utils.ConfigValidationUtils.validateServiceConfig(ConfigValidationUtils.java:417)
	at org.apache.dubbo.config.ServiceConfig.checkAndUpdateSubConfigs(ServiceConfig.java:432)
	at org.apache.dubbo.config.ServiceConfig.postProcessRefresh(ServiceConfig.java:439)
	at org.apache.dubbo.config.AbstractConfig.refresh(AbstractConfig.java:693)
	at org.apache.dubbo.config.ServiceConfig.export(ServiceConfig.java:297)
	at org.apache.dubbo.config.metadata.ConfigurableMetadataServiceExporter.export(ConfigurableMetadataServiceExporter.java:72)
	at org.apache.dubbo.config.metadata.ExporterDeployListener.onModuleStarted(ExporterDeployListener.java:76)
	at org.apache.dubbo.config.deploy.DefaultApplicationDeployer.exportMetadataService(DefaultApplicationDeployer.java:1136)
	at org.apache.dubbo.config.deploy.DefaultApplicationDeployer.prepareApplicationInstance(DefaultApplicationDeployer.java:718)
	at org.apache.dubbo.config.deploy.DefaultApplicationDeployer.checkState(DefaultApplicationDeployer.java:1027)
	at org.apache.dubbo.config.deploy.DefaultApplicationDeployer.notifyModuleChanged(DefaultApplicationDeployer.java:1015)
	at org.apache.dubbo.config.deploy.DefaultModuleDeployer.onModuleFailed(DefaultModuleDeployer.java:319)
	at org.apache.dubbo.config.deploy.DefaultModuleDeployer.startSync(DefaultModuleDeployer.java:193)
	at org.apache.dubbo.config.deploy.DefaultModuleDeployer.start(DefaultModuleDeployer.java:145)
	at org.apache.dubbo.config.spring.context.DubboDeployApplicationListener.onContextRefreshedEvent(DubboDeployApplicationListener.java:113)
	at org.apache.dubbo.config.spring.context.DubboDeployApplicationListener.onApplicationEvent(DubboDeployApplicationListener.java:102)
	at org.apache.dubbo.config.spring.context.DubboDeployApplicationListener.onApplicationEvent(DubboDeployApplicationListener.java:47)
	at org.springframework.context.event.SimpleApplicationEventMulticaster.doInvokeListener(SimpleApplicationEventMulticaster.java:172)
	at org.springframework.context.event.SimpleApplicationEventMulticaster.invokeListener(SimpleApplicationEventMulticaster.java:165)
	at org.springframework.context.event.SimpleApplicationEventMulticaster.multicastEvent(SimpleApplicationEventMulticaster.java:143)
	at org.springframework.context.support.AbstractApplicationContext.publishEvent(AbstractApplicationContext.java:437)
	at org.springframework.context.support.AbstractApplicationContext.publishEvent(AbstractApplicationContext.java:370)
	at org.springframework.context.support.AbstractApplicationContext.finishRefresh(AbstractApplicationContext.java:961)
	at org.springframework.context.support.AbstractApplicationContext.refresh(AbstractApplicationContext.java:611)
	at org.springframework.boot.web.servlet.context.ServletWebServerApplicationContext.refresh(ServletWebServerApplicationContext.java:146)
	at org.springframework.boot.SpringApplication.refresh(SpringApplication.java:732)
	at org.springframework.boot.SpringApplication.refreshContext(SpringApplication.java:434)
	at org.springframework.boot.SpringApplication.run(SpringApplication.java:310)
	at org.springframework.boot.SpringApplication.run(SpringApplication.java:1304)
	at org.springframework.boot.SpringApplication.run(SpringApplication.java:1293)
	at com.example.dubbo.MyApplication.main(MyApplication.java:12)
2023-05-20 15:10:19.481 [main] ERROR o.a.dubbo.config.deploy.DefaultApplicationDeployer -  [DUBBO] Dubbo Application[1.1](spring-boot-demo) found failed module: Dubbo Module[1.1.1], dubbo version: 3.2.1, current host: 192.168.0.102, error code: 5-14. This may be caused by , go to https://dubbo.apache.org/faq/5/14 to find instructions. 
java.lang.IllegalStateException: No such extension customerFilter for filter/org.apache.dubbo.rpc.Filter,org.apache.dubbo.rpc.cluster.filter.ClusterFilter
	at org.apache.dubbo.config.utils.ConfigValidationUtils.checkMultiExtension(ConfigValidationUtils.java:687)
	at org.apache.dubbo.config.utils.ConfigValidationUtils.validateAbstractInterfaceConfig(ConfigValidationUtils.java:400)
	at org.apache.dubbo.config.utils.ConfigValidationUtils.validateServiceConfig(ConfigValidationUtils.java:417)
	at org.apache.dubbo.config.ServiceConfig.checkAndUpdateSubConfigs(ServiceConfig.java:432)
	at org.apache.dubbo.config.ServiceConfig.postProcessRefresh(ServiceConfig.java:439)
	at org.apache.dubbo.config.AbstractConfig.refresh(AbstractConfig.java:693)
	at org.apache.dubbo.config.deploy.DefaultModuleDeployer.exportServiceInternal(DefaultModuleDeployer.java:372)
	at org.apache.dubbo.config.deploy.DefaultModuleDeployer.exportServices(DefaultModuleDeployer.java:365)
	at org.apache.dubbo.config.deploy.DefaultModuleDeployer.startSync(DefaultModuleDeployer.java:164)
	at org.apache.dubbo.config.deploy.DefaultModuleDeployer.start(DefaultModuleDeployer.java:145)
	at org.apache.dubbo.config.spring.context.DubboDeployApplicationListener.onContextRefreshedEvent(DubboDeployApplicationListener.java:113)
	at org.apache.dubbo.config.spring.context.DubboDeployApplicationListener.onApplicationEvent(DubboDeployApplicationListener.java:102)
	at org.apache.dubbo.config.spring.context.DubboDeployApplicationListener.onApplicationEvent(DubboDeployApplicationListener.java:47)
	at org.springframework.context.event.SimpleApplicationEventMulticaster.doInvokeListener(SimpleApplicationEventMulticaster.java:172)
	at org.springframework.context.event.SimpleApplicationEventMulticaster.invokeListener(SimpleApplicationEventMulticaster.java:165)
	at org.springframework.context.event.SimpleApplicationEventMulticaster.multicastEvent(SimpleApplicationEventMulticaster.java:143)
	at org.springframework.context.support.AbstractApplicationContext.publishEvent(AbstractApplicationContext.java:437)
	at org.springframework.context.support.AbstractApplicationContext.publishEvent(AbstractApplicationContext.java:370)
	at org.springframework.context.support.AbstractApplicationContext.finishRefresh(AbstractApplicationContext.java:961)
	at org.springframework.context.support.AbstractApplicationContext.refresh(AbstractApplicationContext.java:611)
	at org.springframework.boot.web.servlet.context.ServletWebServerApplicationContext.refresh(ServletWebServerApplicationContext.java:146)
	at org.springframework.boot.SpringApplication.refresh(SpringApplication.java:732)
	at org.springframework.boot.SpringApplication.refreshContext(SpringApplication.java:434)
	at org.springframework.boot.SpringApplication.run(SpringApplication.java:310)
	at org.springframework.boot.SpringApplication.run(SpringApplication.java:1304)
	at org.springframework.boot.SpringApplication.run(SpringApplication.java:1293)
	at com.example.dubbo.MyApplication.main(MyApplication.java:12)
2023-05-20 15:10:19.505 [main] ERROR org.springframework.boot.SpringApplication - Application run failed
java.lang.IllegalStateException: No such extension customerFilter for filter/org.apache.dubbo.rpc.Filter,org.apache.dubbo.rpc.cluster.filter.ClusterFilter
	at org.apache.dubbo.config.utils.ConfigValidationUtils.checkMultiExtension(ConfigValidationUtils.java:687)
	at org.apache.dubbo.config.utils.ConfigValidationUtils.validateAbstractInterfaceConfig(ConfigValidationUtils.java:400)
	at org.apache.dubbo.config.utils.ConfigValidationUtils.validateServiceConfig(ConfigValidationUtils.java:417)
	at org.apache.dubbo.config.ServiceConfig.checkAndUpdateSubConfigs(ServiceConfig.java:432)
	at org.apache.dubbo.config.ServiceConfig.postProcessRefresh(ServiceConfig.java:439)
	at org.apache.dubbo.config.AbstractConfig.refresh(AbstractConfig.java:693)
	at org.apache.dubbo.config.deploy.DefaultModuleDeployer.exportServiceInternal(DefaultModuleDeployer.java:372)
	at org.apache.dubbo.config.deploy.DefaultModuleDeployer.exportServices(DefaultModuleDeployer.java:365)
	at org.apache.dubbo.config.deploy.DefaultModuleDeployer.startSync(DefaultModuleDeployer.java:164)
	at org.apache.dubbo.config.deploy.DefaultModuleDeployer.start(DefaultModuleDeployer.java:145)
	at org.apache.dubbo.config.spring.context.DubboDeployApplicationListener.onContextRefreshedEvent(DubboDeployApplicationListener.java:113)
	at org.apache.dubbo.config.spring.context.DubboDeployApplicationListener.onApplicationEvent(DubboDeployApplicationListener.java:102)
	at org.apache.dubbo.config.spring.context.DubboDeployApplicationListener.onApplicationEvent(DubboDeployApplicationListener.java:47)
	at org.springframework.context.event.SimpleApplicationEventMulticaster.doInvokeListener(SimpleApplicationEventMulticaster.java:172)
	at org.springframework.context.event.SimpleApplicationEventMulticaster.invokeListener(SimpleApplicationEventMulticaster.java:165)
	at org.springframework.context.event.SimpleApplicationEventMulticaster.multicastEvent(SimpleApplicationEventMulticaster.java:143)
	at org.springframework.context.support.AbstractApplicationContext.publishEvent(AbstractApplicationContext.java:437)
	at org.springframework.context.support.AbstractApplicationContext.publishEvent(AbstractApplicationContext.java:370)
	at org.springframework.context.support.AbstractApplicationContext.finishRefresh(AbstractApplicationContext.java:961)
	at org.springframework.context.support.AbstractApplicationContext.refresh(AbstractApplicationContext.java:611)
	at org.springframework.boot.web.servlet.context.ServletWebServerApplicationContext.refresh(ServletWebServerApplicationContext.java:146)
	at org.springframework.boot.SpringApplication.refresh(SpringApplication.java:732)
	at org.springframework.boot.SpringApplication.refreshContext(SpringApplication.java:434)
	at org.springframework.boot.SpringApplication.run(SpringApplication.java:310)
	at org.springframework.boot.SpringApplication.run(SpringApplication.java:1304)
	at org.springframework.boot.SpringApplication.run(SpringApplication.java:1293)
	at com.example.dubbo.MyApplication.main(MyApplication.java:12)
2023-05-20 15:14:12.153 [main] ERROR o.apache.dubbo.config.deploy.DefaultModuleDeployer -  [DUBBO] Model start failed: Dubbo Module[1.1.1] start failed: java.lang.IllegalStateException: No such extension customerFilter for filter/org.apache.dubbo.rpc.Filter,org.apache.dubbo.rpc.cluster.filter.ClusterFilter, dubbo version: 3.2.1, current host: 192.168.0.102, error code: 5-14. This may be caused by , go to https://dubbo.apache.org/faq/5/14 to find instructions. 
java.lang.IllegalStateException: No such extension customerFilter for filter/org.apache.dubbo.rpc.Filter,org.apache.dubbo.rpc.cluster.filter.ClusterFilter
	at org.apache.dubbo.config.utils.ConfigValidationUtils.checkMultiExtension(ConfigValidationUtils.java:687)
	at org.apache.dubbo.config.utils.ConfigValidationUtils.validateAbstractInterfaceConfig(ConfigValidationUtils.java:400)
	at org.apache.dubbo.config.utils.ConfigValidationUtils.validateServiceConfig(ConfigValidationUtils.java:417)
	at org.apache.dubbo.config.ServiceConfig.checkAndUpdateSubConfigs(ServiceConfig.java:432)
	at org.apache.dubbo.config.ServiceConfig.postProcessRefresh(ServiceConfig.java:439)
	at org.apache.dubbo.config.AbstractConfig.refresh(AbstractConfig.java:693)
	at org.apache.dubbo.config.deploy.DefaultModuleDeployer.exportServiceInternal(DefaultModuleDeployer.java:372)
	at org.apache.dubbo.config.deploy.DefaultModuleDeployer.exportServices(DefaultModuleDeployer.java:365)
	at org.apache.dubbo.config.deploy.DefaultModuleDeployer.startSync(DefaultModuleDeployer.java:164)
	at org.apache.dubbo.config.deploy.DefaultModuleDeployer.start(DefaultModuleDeployer.java:145)
	at org.apache.dubbo.config.spring.context.DubboDeployApplicationListener.onContextRefreshedEvent(DubboDeployApplicationListener.java:113)
	at org.apache.dubbo.config.spring.context.DubboDeployApplicationListener.onApplicationEvent(DubboDeployApplicationListener.java:102)
	at org.apache.dubbo.config.spring.context.DubboDeployApplicationListener.onApplicationEvent(DubboDeployApplicationListener.java:47)
	at org.springframework.context.event.SimpleApplicationEventMulticaster.doInvokeListener(SimpleApplicationEventMulticaster.java:172)
	at org.springframework.context.event.SimpleApplicationEventMulticaster.invokeListener(SimpleApplicationEventMulticaster.java:165)
	at org.springframework.context.event.SimpleApplicationEventMulticaster.multicastEvent(SimpleApplicationEventMulticaster.java:143)
	at org.springframework.context.support.AbstractApplicationContext.publishEvent(AbstractApplicationContext.java:437)
	at org.springframework.context.support.AbstractApplicationContext.publishEvent(AbstractApplicationContext.java:370)
	at org.springframework.context.support.AbstractApplicationContext.finishRefresh(AbstractApplicationContext.java:961)
	at org.springframework.context.support.AbstractApplicationContext.refresh(AbstractApplicationContext.java:611)
	at org.springframework.boot.web.servlet.context.ServletWebServerApplicationContext.refresh(ServletWebServerApplicationContext.java:146)
	at org.springframework.boot.SpringApplication.refresh(SpringApplication.java:732)
	at org.springframework.boot.SpringApplication.refreshContext(SpringApplication.java:434)
	at org.springframework.boot.SpringApplication.run(SpringApplication.java:310)
	at org.springframework.boot.SpringApplication.run(SpringApplication.java:1304)
	at org.springframework.boot.SpringApplication.run(SpringApplication.java:1293)
	at com.example.dubbo.MyApplication.main(MyApplication.java:12)
2023-05-20 15:14:12.162 [main] ERROR o.a.dubbo.config.deploy.DefaultApplicationDeployer -  [DUBBO] Dubbo Application[1.1](spring-boot-demo) found failed module: Dubbo Module[1.1.1], dubbo version: 3.2.1, current host: 192.168.0.102, error code: 5-14. This may be caused by , go to https://dubbo.apache.org/faq/5/14 to find instructions. 
java.lang.IllegalStateException: No such extension customerFilter for filter/org.apache.dubbo.rpc.Filter,org.apache.dubbo.rpc.cluster.filter.ClusterFilter
	at org.apache.dubbo.config.utils.ConfigValidationUtils.checkMultiExtension(ConfigValidationUtils.java:687)
	at org.apache.dubbo.config.utils.ConfigValidationUtils.validateAbstractInterfaceConfig(ConfigValidationUtils.java:400)
	at org.apache.dubbo.config.utils.ConfigValidationUtils.validateServiceConfig(ConfigValidationUtils.java:417)
	at org.apache.dubbo.config.ServiceConfig.checkAndUpdateSubConfigs(ServiceConfig.java:432)
	at org.apache.dubbo.config.ServiceConfig.postProcessRefresh(ServiceConfig.java:439)
	at org.apache.dubbo.config.AbstractConfig.refresh(AbstractConfig.java:693)
	at org.apache.dubbo.config.deploy.DefaultModuleDeployer.exportServiceInternal(DefaultModuleDeployer.java:372)
	at org.apache.dubbo.config.deploy.DefaultModuleDeployer.exportServices(DefaultModuleDeployer.java:365)
	at org.apache.dubbo.config.deploy.DefaultModuleDeployer.startSync(DefaultModuleDeployer.java:164)
	at org.apache.dubbo.config.deploy.DefaultModuleDeployer.start(DefaultModuleDeployer.java:145)
	at org.apache.dubbo.config.spring.context.DubboDeployApplicationListener.onContextRefreshedEvent(DubboDeployApplicationListener.java:113)
	at org.apache.dubbo.config.spring.context.DubboDeployApplicationListener.onApplicationEvent(DubboDeployApplicationListener.java:102)
	at org.apache.dubbo.config.spring.context.DubboDeployApplicationListener.onApplicationEvent(DubboDeployApplicationListener.java:47)
	at org.springframework.context.event.SimpleApplicationEventMulticaster.doInvokeListener(SimpleApplicationEventMulticaster.java:172)
	at org.springframework.context.event.SimpleApplicationEventMulticaster.invokeListener(SimpleApplicationEventMulticaster.java:165)
	at org.springframework.context.event.SimpleApplicationEventMulticaster.multicastEvent(SimpleApplicationEventMulticaster.java:143)
	at org.springframework.context.support.AbstractApplicationContext.publishEvent(AbstractApplicationContext.java:437)
	at org.springframework.context.support.AbstractApplicationContext.publishEvent(AbstractApplicationContext.java:370)
	at org.springframework.context.support.AbstractApplicationContext.finishRefresh(AbstractApplicationContext.java:961)
	at org.springframework.context.support.AbstractApplicationContext.refresh(AbstractApplicationContext.java:611)
	at org.springframework.boot.web.servlet.context.ServletWebServerApplicationContext.refresh(ServletWebServerApplicationContext.java:146)
	at org.springframework.boot.SpringApplication.refresh(SpringApplication.java:732)
	at org.springframework.boot.SpringApplication.refreshContext(SpringApplication.java:434)
	at org.springframework.boot.SpringApplication.run(SpringApplication.java:310)
	at org.springframework.boot.SpringApplication.run(SpringApplication.java:1304)
	at org.springframework.boot.SpringApplication.run(SpringApplication.java:1293)
	at com.example.dubbo.MyApplication.main(MyApplication.java:12)
2023-05-20 15:14:12.162 [main] ERROR o.a.dubbo.config.deploy.DefaultApplicationDeployer -  [DUBBO] Dubbo Application[1.1](spring-boot-demo) found failed module: Dubbo Module[1.1.1], dubbo version: 3.2.1, current host: 192.168.0.102, error code: 5-14. This may be caused by , go to https://dubbo.apache.org/faq/5/14 to find instructions. 
java.lang.IllegalStateException: No such extension customerFilter for filter/org.apache.dubbo.rpc.Filter,org.apache.dubbo.rpc.cluster.filter.ClusterFilter
	at org.apache.dubbo.config.utils.ConfigValidationUtils.checkMultiExtension(ConfigValidationUtils.java:687)
	at org.apache.dubbo.config.utils.ConfigValidationUtils.validateAbstractInterfaceConfig(ConfigValidationUtils.java:400)
	at org.apache.dubbo.config.utils.ConfigValidationUtils.validateServiceConfig(ConfigValidationUtils.java:417)
	at org.apache.dubbo.config.ServiceConfig.checkAndUpdateSubConfigs(ServiceConfig.java:432)
	at org.apache.dubbo.config.ServiceConfig.postProcessRefresh(ServiceConfig.java:439)
	at org.apache.dubbo.config.AbstractConfig.refresh(AbstractConfig.java:693)
	at org.apache.dubbo.config.deploy.DefaultModuleDeployer.exportServiceInternal(DefaultModuleDeployer.java:372)
	at org.apache.dubbo.config.deploy.DefaultModuleDeployer.exportServices(DefaultModuleDeployer.java:365)
	at org.apache.dubbo.config.deploy.DefaultModuleDeployer.startSync(DefaultModuleDeployer.java:164)
	at org.apache.dubbo.config.deploy.DefaultModuleDeployer.start(DefaultModuleDeployer.java:145)
	at org.apache.dubbo.config.spring.context.DubboDeployApplicationListener.onContextRefreshedEvent(DubboDeployApplicationListener.java:113)
	at org.apache.dubbo.config.spring.context.DubboDeployApplicationListener.onApplicationEvent(DubboDeployApplicationListener.java:102)
	at org.apache.dubbo.config.spring.context.DubboDeployApplicationListener.onApplicationEvent(DubboDeployApplicationListener.java:47)
	at org.springframework.context.event.SimpleApplicationEventMulticaster.doInvokeListener(SimpleApplicationEventMulticaster.java:172)
	at org.springframework.context.event.SimpleApplicationEventMulticaster.invokeListener(SimpleApplicationEventMulticaster.java:165)
	at org.springframework.context.event.SimpleApplicationEventMulticaster.multicastEvent(SimpleApplicationEventMulticaster.java:143)
	at org.springframework.context.support.AbstractApplicationContext.publishEvent(AbstractApplicationContext.java:437)
	at org.springframework.context.support.AbstractApplicationContext.publishEvent(AbstractApplicationContext.java:370)
	at org.springframework.context.support.AbstractApplicationContext.finishRefresh(AbstractApplicationContext.java:961)
	at org.springframework.context.support.AbstractApplicationContext.refresh(AbstractApplicationContext.java:611)
	at org.springframework.boot.web.servlet.context.ServletWebServerApplicationContext.refresh(ServletWebServerApplicationContext.java:146)
	at org.springframework.boot.SpringApplication.refresh(SpringApplication.java:732)
	at org.springframework.boot.SpringApplication.refreshContext(SpringApplication.java:434)
	at org.springframework.boot.SpringApplication.run(SpringApplication.java:310)
	at org.springframework.boot.SpringApplication.run(SpringApplication.java:1304)
	at org.springframework.boot.SpringApplication.run(SpringApplication.java:1293)
	at com.example.dubbo.MyApplication.main(MyApplication.java:12)
2023-05-20 15:14:12.176 [main] ERROR o.a.dubbo.config.deploy.DefaultApplicationDeployer -  [DUBBO] Dubbo Application[1.1](spring-boot-demo) an exception occurred when handle starting event, dubbo version: 3.2.1, current host: 192.168.0.102, error code: 5-14. This may be caused by , go to https://dubbo.apache.org/faq/5/14 to find instructions. 
java.lang.IllegalStateException: No such extension customerFilter for filter/org.apache.dubbo.rpc.Filter,org.apache.dubbo.rpc.cluster.filter.ClusterFilter
	at org.apache.dubbo.config.utils.ConfigValidationUtils.checkMultiExtension(ConfigValidationUtils.java:687)
	at org.apache.dubbo.config.utils.ConfigValidationUtils.validateAbstractInterfaceConfig(ConfigValidationUtils.java:400)
	at org.apache.dubbo.config.utils.ConfigValidationUtils.validateServiceConfig(ConfigValidationUtils.java:417)
	at org.apache.dubbo.config.ServiceConfig.checkAndUpdateSubConfigs(ServiceConfig.java:432)
	at org.apache.dubbo.config.ServiceConfig.postProcessRefresh(ServiceConfig.java:439)
	at org.apache.dubbo.config.AbstractConfig.refresh(AbstractConfig.java:693)
	at org.apache.dubbo.config.ServiceConfig.export(ServiceConfig.java:297)
	at org.apache.dubbo.config.metadata.ConfigurableMetadataServiceExporter.export(ConfigurableMetadataServiceExporter.java:72)
	at org.apache.dubbo.config.metadata.ExporterDeployListener.onModuleStarted(ExporterDeployListener.java:76)
	at org.apache.dubbo.config.deploy.DefaultApplicationDeployer.exportMetadataService(DefaultApplicationDeployer.java:1136)
	at org.apache.dubbo.config.deploy.DefaultApplicationDeployer.prepareApplicationInstance(DefaultApplicationDeployer.java:718)
	at org.apache.dubbo.config.deploy.DefaultApplicationDeployer.checkState(DefaultApplicationDeployer.java:1027)
	at org.apache.dubbo.config.deploy.DefaultApplicationDeployer.notifyModuleChanged(DefaultApplicationDeployer.java:1015)
	at org.apache.dubbo.config.deploy.DefaultModuleDeployer.onModuleFailed(DefaultModuleDeployer.java:319)
	at org.apache.dubbo.config.deploy.DefaultModuleDeployer.startSync(DefaultModuleDeployer.java:193)
	at org.apache.dubbo.config.deploy.DefaultModuleDeployer.start(DefaultModuleDeployer.java:145)
	at org.apache.dubbo.config.spring.context.DubboDeployApplicationListener.onContextRefreshedEvent(DubboDeployApplicationListener.java:113)
	at org.apache.dubbo.config.spring.context.DubboDeployApplicationListener.onApplicationEvent(DubboDeployApplicationListener.java:102)
	at org.apache.dubbo.config.spring.context.DubboDeployApplicationListener.onApplicationEvent(DubboDeployApplicationListener.java:47)
	at org.springframework.context.event.SimpleApplicationEventMulticaster.doInvokeListener(SimpleApplicationEventMulticaster.java:172)
	at org.springframework.context.event.SimpleApplicationEventMulticaster.invokeListener(SimpleApplicationEventMulticaster.java:165)
	at org.springframework.context.event.SimpleApplicationEventMulticaster.multicastEvent(SimpleApplicationEventMulticaster.java:143)
	at org.springframework.context.support.AbstractApplicationContext.publishEvent(AbstractApplicationContext.java:437)
	at org.springframework.context.support.AbstractApplicationContext.publishEvent(AbstractApplicationContext.java:370)
	at org.springframework.context.support.AbstractApplicationContext.finishRefresh(AbstractApplicationContext.java:961)
	at org.springframework.context.support.AbstractApplicationContext.refresh(AbstractApplicationContext.java:611)
	at org.springframework.boot.web.servlet.context.ServletWebServerApplicationContext.refresh(ServletWebServerApplicationContext.java:146)
	at org.springframework.boot.SpringApplication.refresh(SpringApplication.java:732)
	at org.springframework.boot.SpringApplication.refreshContext(SpringApplication.java:434)
	at org.springframework.boot.SpringApplication.run(SpringApplication.java:310)
	at org.springframework.boot.SpringApplication.run(SpringApplication.java:1304)
	at org.springframework.boot.SpringApplication.run(SpringApplication.java:1293)
	at com.example.dubbo.MyApplication.main(MyApplication.java:12)
2023-05-20 15:14:12.183 [main] ERROR o.a.dubbo.config.deploy.DefaultApplicationDeployer -  [DUBBO] Dubbo Application[1.1](spring-boot-demo) found failed module: Dubbo Module[1.1.1], dubbo version: 3.2.1, current host: 192.168.0.102, error code: 5-14. This may be caused by , go to https://dubbo.apache.org/faq/5/14 to find instructions. 
java.lang.IllegalStateException: No such extension customerFilter for filter/org.apache.dubbo.rpc.Filter,org.apache.dubbo.rpc.cluster.filter.ClusterFilter
	at org.apache.dubbo.config.utils.ConfigValidationUtils.checkMultiExtension(ConfigValidationUtils.java:687)
	at org.apache.dubbo.config.utils.ConfigValidationUtils.validateAbstractInterfaceConfig(ConfigValidationUtils.java:400)
	at org.apache.dubbo.config.utils.ConfigValidationUtils.validateServiceConfig(ConfigValidationUtils.java:417)
	at org.apache.dubbo.config.ServiceConfig.checkAndUpdateSubConfigs(ServiceConfig.java:432)
	at org.apache.dubbo.config.ServiceConfig.postProcessRefresh(ServiceConfig.java:439)
	at org.apache.dubbo.config.AbstractConfig.refresh(AbstractConfig.java:693)
	at org.apache.dubbo.config.deploy.DefaultModuleDeployer.exportServiceInternal(DefaultModuleDeployer.java:372)
	at org.apache.dubbo.config.deploy.DefaultModuleDeployer.exportServices(DefaultModuleDeployer.java:365)
	at org.apache.dubbo.config.deploy.DefaultModuleDeployer.startSync(DefaultModuleDeployer.java:164)
	at org.apache.dubbo.config.deploy.DefaultModuleDeployer.start(DefaultModuleDeployer.java:145)
	at org.apache.dubbo.config.spring.context.DubboDeployApplicationListener.onContextRefreshedEvent(DubboDeployApplicationListener.java:113)
	at org.apache.dubbo.config.spring.context.DubboDeployApplicationListener.onApplicationEvent(DubboDeployApplicationListener.java:102)
	at org.apache.dubbo.config.spring.context.DubboDeployApplicationListener.onApplicationEvent(DubboDeployApplicationListener.java:47)
	at org.springframework.context.event.SimpleApplicationEventMulticaster.doInvokeListener(SimpleApplicationEventMulticaster.java:172)
	at org.springframework.context.event.SimpleApplicationEventMulticaster.invokeListener(SimpleApplicationEventMulticaster.java:165)
	at org.springframework.context.event.SimpleApplicationEventMulticaster.multicastEvent(SimpleApplicationEventMulticaster.java:143)
	at org.springframework.context.support.AbstractApplicationContext.publishEvent(AbstractApplicationContext.java:437)
	at org.springframework.context.support.AbstractApplicationContext.publishEvent(AbstractApplicationContext.java:370)
	at org.springframework.context.support.AbstractApplicationContext.finishRefresh(AbstractApplicationContext.java:961)
	at org.springframework.context.support.AbstractApplicationContext.refresh(AbstractApplicationContext.java:611)
	at org.springframework.boot.web.servlet.context.ServletWebServerApplicationContext.refresh(ServletWebServerApplicationContext.java:146)
	at org.springframework.boot.SpringApplication.refresh(SpringApplication.java:732)
	at org.springframework.boot.SpringApplication.refreshContext(SpringApplication.java:434)
	at org.springframework.boot.SpringApplication.run(SpringApplication.java:310)
	at org.springframework.boot.SpringApplication.run(SpringApplication.java:1304)
	at org.springframework.boot.SpringApplication.run(SpringApplication.java:1293)
	at com.example.dubbo.MyApplication.main(MyApplication.java:12)
2023-05-20 15:14:12.207 [main] ERROR org.springframework.boot.SpringApplication - Application run failed
java.lang.IllegalStateException: No such extension customerFilter for filter/org.apache.dubbo.rpc.Filter,org.apache.dubbo.rpc.cluster.filter.ClusterFilter
	at org.apache.dubbo.config.utils.ConfigValidationUtils.checkMultiExtension(ConfigValidationUtils.java:687)
	at org.apache.dubbo.config.utils.ConfigValidationUtils.validateAbstractInterfaceConfig(ConfigValidationUtils.java:400)
	at org.apache.dubbo.config.utils.ConfigValidationUtils.validateServiceConfig(ConfigValidationUtils.java:417)
	at org.apache.dubbo.config.ServiceConfig.checkAndUpdateSubConfigs(ServiceConfig.java:432)
	at org.apache.dubbo.config.ServiceConfig.postProcessRefresh(ServiceConfig.java:439)
	at org.apache.dubbo.config.AbstractConfig.refresh(AbstractConfig.java:693)
	at org.apache.dubbo.config.deploy.DefaultModuleDeployer.exportServiceInternal(DefaultModuleDeployer.java:372)
	at org.apache.dubbo.config.deploy.DefaultModuleDeployer.exportServices(DefaultModuleDeployer.java:365)
	at org.apache.dubbo.config.deploy.DefaultModuleDeployer.startSync(DefaultModuleDeployer.java:164)
	at org.apache.dubbo.config.deploy.DefaultModuleDeployer.start(DefaultModuleDeployer.java:145)
	at org.apache.dubbo.config.spring.context.DubboDeployApplicationListener.onContextRefreshedEvent(DubboDeployApplicationListener.java:113)
	at org.apache.dubbo.config.spring.context.DubboDeployApplicationListener.onApplicationEvent(DubboDeployApplicationListener.java:102)
	at org.apache.dubbo.config.spring.context.DubboDeployApplicationListener.onApplicationEvent(DubboDeployApplicationListener.java:47)
	at org.springframework.context.event.SimpleApplicationEventMulticaster.doInvokeListener(SimpleApplicationEventMulticaster.java:172)
	at org.springframework.context.event.SimpleApplicationEventMulticaster.invokeListener(SimpleApplicationEventMulticaster.java:165)
	at org.springframework.context.event.SimpleApplicationEventMulticaster.multicastEvent(SimpleApplicationEventMulticaster.java:143)
	at org.springframework.context.support.AbstractApplicationContext.publishEvent(AbstractApplicationContext.java:437)
	at org.springframework.context.support.AbstractApplicationContext.publishEvent(AbstractApplicationContext.java:370)
	at org.springframework.context.support.AbstractApplicationContext.finishRefresh(AbstractApplicationContext.java:961)
	at org.springframework.context.support.AbstractApplicationContext.refresh(AbstractApplicationContext.java:611)
	at org.springframework.boot.web.servlet.context.ServletWebServerApplicationContext.refresh(ServletWebServerApplicationContext.java:146)
	at org.springframework.boot.SpringApplication.refresh(SpringApplication.java:732)
	at org.springframework.boot.SpringApplication.refreshContext(SpringApplication.java:434)
	at org.springframework.boot.SpringApplication.run(SpringApplication.java:310)
	at org.springframework.boot.SpringApplication.run(SpringApplication.java:1304)
	at org.springframework.boot.SpringApplication.run(SpringApplication.java:1293)
	at com.example.dubbo.MyApplication.main(MyApplication.java:12)
2023-05-20 15:14:46.177 [main] ERROR o.apache.dubbo.config.deploy.DefaultModuleDeployer -  [DUBBO] Model start failed: Dubbo Module[1.1.1] start failed: java.lang.IllegalStateException: No such extension customerFilter for filter/org.apache.dubbo.rpc.Filter,org.apache.dubbo.rpc.cluster.filter.ClusterFilter, dubbo version: 3.2.1, current host: 192.168.0.102, error code: 5-14. This may be caused by , go to https://dubbo.apache.org/faq/5/14 to find instructions. 
java.lang.IllegalStateException: No such extension customerFilter for filter/org.apache.dubbo.rpc.Filter,org.apache.dubbo.rpc.cluster.filter.ClusterFilter
	at org.apache.dubbo.config.utils.ConfigValidationUtils.checkMultiExtension(ConfigValidationUtils.java:687)
	at org.apache.dubbo.config.utils.ConfigValidationUtils.validateAbstractInterfaceConfig(ConfigValidationUtils.java:400)
	at org.apache.dubbo.config.utils.ConfigValidationUtils.validateServiceConfig(ConfigValidationUtils.java:417)
	at org.apache.dubbo.config.ServiceConfig.checkAndUpdateSubConfigs(ServiceConfig.java:432)
	at org.apache.dubbo.config.ServiceConfig.postProcessRefresh(ServiceConfig.java:439)
	at org.apache.dubbo.config.AbstractConfig.refresh(AbstractConfig.java:693)
	at org.apache.dubbo.config.deploy.DefaultModuleDeployer.exportServiceInternal(DefaultModuleDeployer.java:372)
	at org.apache.dubbo.config.deploy.DefaultModuleDeployer.exportServices(DefaultModuleDeployer.java:365)
	at org.apache.dubbo.config.deploy.DefaultModuleDeployer.startSync(DefaultModuleDeployer.java:164)
	at org.apache.dubbo.config.deploy.DefaultModuleDeployer.start(DefaultModuleDeployer.java:145)
	at org.apache.dubbo.config.spring.context.DubboDeployApplicationListener.onContextRefreshedEvent(DubboDeployApplicationListener.java:113)
	at org.apache.dubbo.config.spring.context.DubboDeployApplicationListener.onApplicationEvent(DubboDeployApplicationListener.java:102)
	at org.apache.dubbo.config.spring.context.DubboDeployApplicationListener.onApplicationEvent(DubboDeployApplicationListener.java:47)
	at org.springframework.context.event.SimpleApplicationEventMulticaster.doInvokeListener(SimpleApplicationEventMulticaster.java:172)
	at org.springframework.context.event.SimpleApplicationEventMulticaster.invokeListener(SimpleApplicationEventMulticaster.java:165)
	at org.springframework.context.event.SimpleApplicationEventMulticaster.multicastEvent(SimpleApplicationEventMulticaster.java:143)
	at org.springframework.context.support.AbstractApplicationContext.publishEvent(AbstractApplicationContext.java:437)
	at org.springframework.context.support.AbstractApplicationContext.publishEvent(AbstractApplicationContext.java:370)
	at org.springframework.context.support.AbstractApplicationContext.finishRefresh(AbstractApplicationContext.java:961)
	at org.springframework.context.support.AbstractApplicationContext.refresh(AbstractApplicationContext.java:611)
	at org.springframework.boot.web.servlet.context.ServletWebServerApplicationContext.refresh(ServletWebServerApplicationContext.java:146)
	at org.springframework.boot.SpringApplication.refresh(SpringApplication.java:732)
	at org.springframework.boot.SpringApplication.refreshContext(SpringApplication.java:434)
	at org.springframework.boot.SpringApplication.run(SpringApplication.java:310)
	at org.springframework.boot.SpringApplication.run(SpringApplication.java:1304)
	at org.springframework.boot.SpringApplication.run(SpringApplication.java:1293)
	at com.example.dubbo.MyApplication.main(MyApplication.java:12)
2023-05-20 15:14:46.187 [main] ERROR o.a.dubbo.config.deploy.DefaultApplicationDeployer -  [DUBBO] Dubbo Application[1.1](spring-boot-demo) found failed module: Dubbo Module[1.1.1], dubbo version: 3.2.1, current host: 192.168.0.102, error code: 5-14. This may be caused by , go to https://dubbo.apache.org/faq/5/14 to find instructions. 
java.lang.IllegalStateException: No such extension customerFilter for filter/org.apache.dubbo.rpc.Filter,org.apache.dubbo.rpc.cluster.filter.ClusterFilter
	at org.apache.dubbo.config.utils.ConfigValidationUtils.checkMultiExtension(ConfigValidationUtils.java:687)
	at org.apache.dubbo.config.utils.ConfigValidationUtils.validateAbstractInterfaceConfig(ConfigValidationUtils.java:400)
	at org.apache.dubbo.config.utils.ConfigValidationUtils.validateServiceConfig(ConfigValidationUtils.java:417)
	at org.apache.dubbo.config.ServiceConfig.checkAndUpdateSubConfigs(ServiceConfig.java:432)
	at org.apache.dubbo.config.ServiceConfig.postProcessRefresh(ServiceConfig.java:439)
	at org.apache.dubbo.config.AbstractConfig.refresh(AbstractConfig.java:693)
	at org.apache.dubbo.config.deploy.DefaultModuleDeployer.exportServiceInternal(DefaultModuleDeployer.java:372)
	at org.apache.dubbo.config.deploy.DefaultModuleDeployer.exportServices(DefaultModuleDeployer.java:365)
	at org.apache.dubbo.config.deploy.DefaultModuleDeployer.startSync(DefaultModuleDeployer.java:164)
	at org.apache.dubbo.config.deploy.DefaultModuleDeployer.start(DefaultModuleDeployer.java:145)
	at org.apache.dubbo.config.spring.context.DubboDeployApplicationListener.onContextRefreshedEvent(DubboDeployApplicationListener.java:113)
	at org.apache.dubbo.config.spring.context.DubboDeployApplicationListener.onApplicationEvent(DubboDeployApplicationListener.java:102)
	at org.apache.dubbo.config.spring.context.DubboDeployApplicationListener.onApplicationEvent(DubboDeployApplicationListener.java:47)
	at org.springframework.context.event.SimpleApplicationEventMulticaster.doInvokeListener(SimpleApplicationEventMulticaster.java:172)
	at org.springframework.context.event.SimpleApplicationEventMulticaster.invokeListener(SimpleApplicationEventMulticaster.java:165)
	at org.springframework.context.event.SimpleApplicationEventMulticaster.multicastEvent(SimpleApplicationEventMulticaster.java:143)
	at org.springframework.context.support.AbstractApplicationContext.publishEvent(AbstractApplicationContext.java:437)
	at org.springframework.context.support.AbstractApplicationContext.publishEvent(AbstractApplicationContext.java:370)
	at org.springframework.context.support.AbstractApplicationContext.finishRefresh(AbstractApplicationContext.java:961)
	at org.springframework.context.support.AbstractApplicationContext.refresh(AbstractApplicationContext.java:611)
	at org.springframework.boot.web.servlet.context.ServletWebServerApplicationContext.refresh(ServletWebServerApplicationContext.java:146)
	at org.springframework.boot.SpringApplication.refresh(SpringApplication.java:732)
	at org.springframework.boot.SpringApplication.refreshContext(SpringApplication.java:434)
	at org.springframework.boot.SpringApplication.run(SpringApplication.java:310)
	at org.springframework.boot.SpringApplication.run(SpringApplication.java:1304)
	at org.springframework.boot.SpringApplication.run(SpringApplication.java:1293)
	at com.example.dubbo.MyApplication.main(MyApplication.java:12)
2023-05-20 15:14:46.187 [main] ERROR o.a.dubbo.config.deploy.DefaultApplicationDeployer -  [DUBBO] Dubbo Application[1.1](spring-boot-demo) found failed module: Dubbo Module[1.1.1], dubbo version: 3.2.1, current host: 192.168.0.102, error code: 5-14. This may be caused by , go to https://dubbo.apache.org/faq/5/14 to find instructions. 
java.lang.IllegalStateException: No such extension customerFilter for filter/org.apache.dubbo.rpc.Filter,org.apache.dubbo.rpc.cluster.filter.ClusterFilter
	at org.apache.dubbo.config.utils.ConfigValidationUtils.checkMultiExtension(ConfigValidationUtils.java:687)
	at org.apache.dubbo.config.utils.ConfigValidationUtils.validateAbstractInterfaceConfig(ConfigValidationUtils.java:400)
	at org.apache.dubbo.config.utils.ConfigValidationUtils.validateServiceConfig(ConfigValidationUtils.java:417)
	at org.apache.dubbo.config.ServiceConfig.checkAndUpdateSubConfigs(ServiceConfig.java:432)
	at org.apache.dubbo.config.ServiceConfig.postProcessRefresh(ServiceConfig.java:439)
	at org.apache.dubbo.config.AbstractConfig.refresh(AbstractConfig.java:693)
	at org.apache.dubbo.config.deploy.DefaultModuleDeployer.exportServiceInternal(DefaultModuleDeployer.java:372)
	at org.apache.dubbo.config.deploy.DefaultModuleDeployer.exportServices(DefaultModuleDeployer.java:365)
	at org.apache.dubbo.config.deploy.DefaultModuleDeployer.startSync(DefaultModuleDeployer.java:164)
	at org.apache.dubbo.config.deploy.DefaultModuleDeployer.start(DefaultModuleDeployer.java:145)
	at org.apache.dubbo.config.spring.context.DubboDeployApplicationListener.onContextRefreshedEvent(DubboDeployApplicationListener.java:113)
	at org.apache.dubbo.config.spring.context.DubboDeployApplicationListener.onApplicationEvent(DubboDeployApplicationListener.java:102)
	at org.apache.dubbo.config.spring.context.DubboDeployApplicationListener.onApplicationEvent(DubboDeployApplicationListener.java:47)
	at org.springframework.context.event.SimpleApplicationEventMulticaster.doInvokeListener(SimpleApplicationEventMulticaster.java:172)
	at org.springframework.context.event.SimpleApplicationEventMulticaster.invokeListener(SimpleApplicationEventMulticaster.java:165)
	at org.springframework.context.event.SimpleApplicationEventMulticaster.multicastEvent(SimpleApplicationEventMulticaster.java:143)
	at org.springframework.context.support.AbstractApplicationContext.publishEvent(AbstractApplicationContext.java:437)
	at org.springframework.context.support.AbstractApplicationContext.publishEvent(AbstractApplicationContext.java:370)
	at org.springframework.context.support.AbstractApplicationContext.finishRefresh(AbstractApplicationContext.java:961)
	at org.springframework.context.support.AbstractApplicationContext.refresh(AbstractApplicationContext.java:611)
	at org.springframework.boot.web.servlet.context.ServletWebServerApplicationContext.refresh(ServletWebServerApplicationContext.java:146)
	at org.springframework.boot.SpringApplication.refresh(SpringApplication.java:732)
	at org.springframework.boot.SpringApplication.refreshContext(SpringApplication.java:434)
	at org.springframework.boot.SpringApplication.run(SpringApplication.java:310)
	at org.springframework.boot.SpringApplication.run(SpringApplication.java:1304)
	at org.springframework.boot.SpringApplication.run(SpringApplication.java:1293)
	at com.example.dubbo.MyApplication.main(MyApplication.java:12)
2023-05-20 15:14:46.203 [main] ERROR o.a.dubbo.config.deploy.DefaultApplicationDeployer -  [DUBBO] Dubbo Application[1.1](spring-boot-demo) an exception occurred when handle starting event, dubbo version: 3.2.1, current host: 192.168.0.102, error code: 5-14. This may be caused by , go to https://dubbo.apache.org/faq/5/14 to find instructions. 
java.lang.IllegalStateException: No such extension customerFilter for filter/org.apache.dubbo.rpc.Filter,org.apache.dubbo.rpc.cluster.filter.ClusterFilter
	at org.apache.dubbo.config.utils.ConfigValidationUtils.checkMultiExtension(ConfigValidationUtils.java:687)
	at org.apache.dubbo.config.utils.ConfigValidationUtils.validateAbstractInterfaceConfig(ConfigValidationUtils.java:400)
	at org.apache.dubbo.config.utils.ConfigValidationUtils.validateServiceConfig(ConfigValidationUtils.java:417)
	at org.apache.dubbo.config.ServiceConfig.checkAndUpdateSubConfigs(ServiceConfig.java:432)
	at org.apache.dubbo.config.ServiceConfig.postProcessRefresh(ServiceConfig.java:439)
	at org.apache.dubbo.config.AbstractConfig.refresh(AbstractConfig.java:693)
	at org.apache.dubbo.config.ServiceConfig.export(ServiceConfig.java:297)
	at org.apache.dubbo.config.metadata.ConfigurableMetadataServiceExporter.export(ConfigurableMetadataServiceExporter.java:72)
	at org.apache.dubbo.config.metadata.ExporterDeployListener.onModuleStarted(ExporterDeployListener.java:76)
	at org.apache.dubbo.config.deploy.DefaultApplicationDeployer.exportMetadataService(DefaultApplicationDeployer.java:1136)
	at org.apache.dubbo.config.deploy.DefaultApplicationDeployer.prepareApplicationInstance(DefaultApplicationDeployer.java:718)
	at org.apache.dubbo.config.deploy.DefaultApplicationDeployer.checkState(DefaultApplicationDeployer.java:1027)
	at org.apache.dubbo.config.deploy.DefaultApplicationDeployer.notifyModuleChanged(DefaultApplicationDeployer.java:1015)
	at org.apache.dubbo.config.deploy.DefaultModuleDeployer.onModuleFailed(DefaultModuleDeployer.java:319)
	at org.apache.dubbo.config.deploy.DefaultModuleDeployer.startSync(DefaultModuleDeployer.java:193)
	at org.apache.dubbo.config.deploy.DefaultModuleDeployer.start(DefaultModuleDeployer.java:145)
	at org.apache.dubbo.config.spring.context.DubboDeployApplicationListener.onContextRefreshedEvent(DubboDeployApplicationListener.java:113)
	at org.apache.dubbo.config.spring.context.DubboDeployApplicationListener.onApplicationEvent(DubboDeployApplicationListener.java:102)
	at org.apache.dubbo.config.spring.context.DubboDeployApplicationListener.onApplicationEvent(DubboDeployApplicationListener.java:47)
	at org.springframework.context.event.SimpleApplicationEventMulticaster.doInvokeListener(SimpleApplicationEventMulticaster.java:172)
	at org.springframework.context.event.SimpleApplicationEventMulticaster.invokeListener(SimpleApplicationEventMulticaster.java:165)
	at org.springframework.context.event.SimpleApplicationEventMulticaster.multicastEvent(SimpleApplicationEventMulticaster.java:143)
	at org.springframework.context.support.AbstractApplicationContext.publishEvent(AbstractApplicationContext.java:437)
	at org.springframework.context.support.AbstractApplicationContext.publishEvent(AbstractApplicationContext.java:370)
	at org.springframework.context.support.AbstractApplicationContext.finishRefresh(AbstractApplicationContext.java:961)
	at org.springframework.context.support.AbstractApplicationContext.refresh(AbstractApplicationContext.java:611)
	at org.springframework.boot.web.servlet.context.ServletWebServerApplicationContext.refresh(ServletWebServerApplicationContext.java:146)
	at org.springframework.boot.SpringApplication.refresh(SpringApplication.java:732)
	at org.springframework.boot.SpringApplication.refreshContext(SpringApplication.java:434)
	at org.springframework.boot.SpringApplication.run(SpringApplication.java:310)
	at org.springframework.boot.SpringApplication.run(SpringApplication.java:1304)
	at org.springframework.boot.SpringApplication.run(SpringApplication.java:1293)
	at com.example.dubbo.MyApplication.main(MyApplication.java:12)
2023-05-20 15:14:46.210 [main] ERROR o.a.dubbo.config.deploy.DefaultApplicationDeployer -  [DUBBO] Dubbo Application[1.1](spring-boot-demo) found failed module: Dubbo Module[1.1.1], dubbo version: 3.2.1, current host: 192.168.0.102, error code: 5-14. This may be caused by , go to https://dubbo.apache.org/faq/5/14 to find instructions. 
java.lang.IllegalStateException: No such extension customerFilter for filter/org.apache.dubbo.rpc.Filter,org.apache.dubbo.rpc.cluster.filter.ClusterFilter
	at org.apache.dubbo.config.utils.ConfigValidationUtils.checkMultiExtension(ConfigValidationUtils.java:687)
	at org.apache.dubbo.config.utils.ConfigValidationUtils.validateAbstractInterfaceConfig(ConfigValidationUtils.java:400)
	at org.apache.dubbo.config.utils.ConfigValidationUtils.validateServiceConfig(ConfigValidationUtils.java:417)
	at org.apache.dubbo.config.ServiceConfig.checkAndUpdateSubConfigs(ServiceConfig.java:432)
	at org.apache.dubbo.config.ServiceConfig.postProcessRefresh(ServiceConfig.java:439)
	at org.apache.dubbo.config.AbstractConfig.refresh(AbstractConfig.java:693)
	at org.apache.dubbo.config.deploy.DefaultModuleDeployer.exportServiceInternal(DefaultModuleDeployer.java:372)
	at org.apache.dubbo.config.deploy.DefaultModuleDeployer.exportServices(DefaultModuleDeployer.java:365)
	at org.apache.dubbo.config.deploy.DefaultModuleDeployer.startSync(DefaultModuleDeployer.java:164)
	at org.apache.dubbo.config.deploy.DefaultModuleDeployer.start(DefaultModuleDeployer.java:145)
	at org.apache.dubbo.config.spring.context.DubboDeployApplicationListener.onContextRefreshedEvent(DubboDeployApplicationListener.java:113)
	at org.apache.dubbo.config.spring.context.DubboDeployApplicationListener.onApplicationEvent(DubboDeployApplicationListener.java:102)
	at org.apache.dubbo.config.spring.context.DubboDeployApplicationListener.onApplicationEvent(DubboDeployApplicationListener.java:47)
	at org.springframework.context.event.SimpleApplicationEventMulticaster.doInvokeListener(SimpleApplicationEventMulticaster.java:172)
	at org.springframework.context.event.SimpleApplicationEventMulticaster.invokeListener(SimpleApplicationEventMulticaster.java:165)
	at org.springframework.context.event.SimpleApplicationEventMulticaster.multicastEvent(SimpleApplicationEventMulticaster.java:143)
	at org.springframework.context.support.AbstractApplicationContext.publishEvent(AbstractApplicationContext.java:437)
	at org.springframework.context.support.AbstractApplicationContext.publishEvent(AbstractApplicationContext.java:370)
	at org.springframework.context.support.AbstractApplicationContext.finishRefresh(AbstractApplicationContext.java:961)
	at org.springframework.context.support.AbstractApplicationContext.refresh(AbstractApplicationContext.java:611)
	at org.springframework.boot.web.servlet.context.ServletWebServerApplicationContext.refresh(ServletWebServerApplicationContext.java:146)
	at org.springframework.boot.SpringApplication.refresh(SpringApplication.java:732)
	at org.springframework.boot.SpringApplication.refreshContext(SpringApplication.java:434)
	at org.springframework.boot.SpringApplication.run(SpringApplication.java:310)
	at org.springframework.boot.SpringApplication.run(SpringApplication.java:1304)
	at org.springframework.boot.SpringApplication.run(SpringApplication.java:1293)
	at com.example.dubbo.MyApplication.main(MyApplication.java:12)
2023-05-20 15:14:46.234 [main] ERROR org.springframework.boot.SpringApplication - Application run failed
java.lang.IllegalStateException: No such extension customerFilter for filter/org.apache.dubbo.rpc.Filter,org.apache.dubbo.rpc.cluster.filter.ClusterFilter
	at org.apache.dubbo.config.utils.ConfigValidationUtils.checkMultiExtension(ConfigValidationUtils.java:687)
	at org.apache.dubbo.config.utils.ConfigValidationUtils.validateAbstractInterfaceConfig(ConfigValidationUtils.java:400)
	at org.apache.dubbo.config.utils.ConfigValidationUtils.validateServiceConfig(ConfigValidationUtils.java:417)
	at org.apache.dubbo.config.ServiceConfig.checkAndUpdateSubConfigs(ServiceConfig.java:432)
	at org.apache.dubbo.config.ServiceConfig.postProcessRefresh(ServiceConfig.java:439)
	at org.apache.dubbo.config.AbstractConfig.refresh(AbstractConfig.java:693)
	at org.apache.dubbo.config.deploy.DefaultModuleDeployer.exportServiceInternal(DefaultModuleDeployer.java:372)
	at org.apache.dubbo.config.deploy.DefaultModuleDeployer.exportServices(DefaultModuleDeployer.java:365)
	at org.apache.dubbo.config.deploy.DefaultModuleDeployer.startSync(DefaultModuleDeployer.java:164)
	at org.apache.dubbo.config.deploy.DefaultModuleDeployer.start(DefaultModuleDeployer.java:145)
	at org.apache.dubbo.config.spring.context.DubboDeployApplicationListener.onContextRefreshedEvent(DubboDeployApplicationListener.java:113)
	at org.apache.dubbo.config.spring.context.DubboDeployApplicationListener.onApplicationEvent(DubboDeployApplicationListener.java:102)
	at org.apache.dubbo.config.spring.context.DubboDeployApplicationListener.onApplicationEvent(DubboDeployApplicationListener.java:47)
	at org.springframework.context.event.SimpleApplicationEventMulticaster.doInvokeListener(SimpleApplicationEventMulticaster.java:172)
	at org.springframework.context.event.SimpleApplicationEventMulticaster.invokeListener(SimpleApplicationEventMulticaster.java:165)
	at org.springframework.context.event.SimpleApplicationEventMulticaster.multicastEvent(SimpleApplicationEventMulticaster.java:143)
	at org.springframework.context.support.AbstractApplicationContext.publishEvent(AbstractApplicationContext.java:437)
	at org.springframework.context.support.AbstractApplicationContext.publishEvent(AbstractApplicationContext.java:370)
	at org.springframework.context.support.AbstractApplicationContext.finishRefresh(AbstractApplicationContext.java:961)
	at org.springframework.context.support.AbstractApplicationContext.refresh(AbstractApplicationContext.java:611)
	at org.springframework.boot.web.servlet.context.ServletWebServerApplicationContext.refresh(ServletWebServerApplicationContext.java:146)
	at org.springframework.boot.SpringApplication.refresh(SpringApplication.java:732)
	at org.springframework.boot.SpringApplication.refreshContext(SpringApplication.java:434)
	at org.springframework.boot.SpringApplication.run(SpringApplication.java:310)
	at org.springframework.boot.SpringApplication.run(SpringApplication.java:1304)
	at org.springframework.boot.SpringApplication.run(SpringApplication.java:1293)
	at com.example.dubbo.MyApplication.main(MyApplication.java:12)
